connect: (u'smtp.gmail.com', 587)
connect: (587, u'smtp.gmail.com')
reply: '220 mx.google.com ESMTP w8sm27865583wiz.4\r\n'
reply: retcode (220); Msg: mx.google.com ESMTP w8sm27865583wiz.4
connect: mx.google.com ESMTP w8sm27865583wiz.4
send: 'ehlo asdfasdf.asdfsdf\r\n'
reply: '250-mx.google.com at your service, [176.67.160.54]\r\n'
reply: '250-SIZE 35882577\r\n'
reply: '250-8BITMIME\r\n'
reply: '250-STARTTLS\r\n'
reply: '250 ENHANCEDSTATUSCODES\r\n'
reply: retcode (250); Msg: mx.google.com at your service, [176.67.160.54]
SIZE 35882577
8BITMIME
STARTTLS
ENHANCEDSTATUSCODES
send: 'STARTTLS\r\n'
reply: '220 2.0.0 Ready to start TLS\r\n'
reply: retcode (220); Msg: 2.0.0 Ready to start TLS
send: 'ehlo asdfasdf.asdfsdf\r\n'
reply: '250-mx.google.com at your service, [176.67.160.54]\r\n'
reply: '250-SIZE 35882577\r\n'
reply: '250-8BITMIME\r\n'
reply: '250-AUTH LOGIN PLAIN XOAUTH\r\n'
reply: '250 ENHANCEDSTATUSCODES\r\n'
reply: retcode (250); Msg: mx.google.com at your service, [176.67.160.54]
SIZE 35882577
8BITMIME
AUTH LOGIN PLAIN XOAUTH
ENHANCEDSTATUSCODES
send: 'AUTH PLAIN AGNhbGlicmUua2luZGxlLnNlcnZlckBnbWFpbC5jb20AcGFzcGFzcGFz\r\n'
reply: '235 2.7.0 Accepted\r\n'
reply: retcode (235); Msg: 2.7.0 Accepted
send: u'mail FROM:<calibre.kindle.server@gmail.com> size=640\r\n'
reply: '250 2.1.0 OK w8sm27865583wiz.4\r\n'
reply: retcode (250); Msg: 2.1.0 OK w8sm27865583wiz.4
send: u'rcpt TO:<chrish@cantab.net>\r\n'
reply: '250 2.1.5 OK w8sm27865583wiz.4\r\n'
reply: retcode (250); Msg: 2.1.5 OK w8sm27865583wiz.4
send: 'data\r\n'
reply: '354  Go ahead w8sm27865583wiz.4\r\n'
reply: retcode (354); Msg: Go ahead w8sm27865583wiz.4
data: (354, 'Go ahead w8sm27865583wiz.4')
send: 'Content-Type: multipart/mixed; boundary="===============0143537701=="\r\nMIME-Version: 1.0\r\nSubject: convert\r\nTo: chrish@cantab.net\r\nFrom: calibre.kindle.server@gmail.com\r\n\r\nYou will not see this in a MIME-aware mail reader.\r\n\r\n--===============0143537701==\r\nContent-Type: text/plain; charset="utf-8"\r\nMIME-Version: 1.0\r\nContent-Transfer-Encoding: base64\r\n\r\nQXV0b21hdGVkIG1lc3NhZ2Ugc2VudCBmcm9tIENhbGlicmUgS2luZGxlIFNlcnZlcg==\r\n\r\n--===============0143537701==\r\nContent-Type: text/plain\r\nMIME-Version: 1.0\r\nContent-Transfer-Encoding: base64\r\nContent-Disposition: attachment; filename="test2.txt"\r\n\r\nVGVzdCBtZXNzYWdlIGF0dGFjaG1lbnQK\r\n\r\n--===============0143537701==--\r\n.\r\n'
reply: '250 2.0.0 OK 1323736681 w8sm27865583wiz.4\r\n'
reply: retcode (250); Msg: 2.0.0 OK 1323736681 w8sm27865583wiz.4
data: (250, '2.0.0 OK 1323736681 w8sm27865583wiz.4')
send: 'quit\r\n'
reply: '221 2.0.0 closing connection w8sm27865583wiz.4\r\n'
reply: retcode (221); Msg: 2.0.0 closing connection w8sm27865583wiz.4
connect: (u'smtp.gmail.com', 587)
connect: (587, u'smtp.gmail.com')
reply: '220 mx.google.com ESMTP ej17sm24898872wbb.14\r\n'
reply: retcode (220); Msg: mx.google.com ESMTP ej17sm24898872wbb.14
connect: mx.google.com ESMTP ej17sm24898872wbb.14
send: 'ehlo asdfasdf.asdfsdf\r\n'
reply: '250-mx.google.com at your service, [176.67.160.54]\r\n'
reply: '250-SIZE 35882577\r\n'
reply: '250-8BITMIME\r\n'
reply: '250-STARTTLS\r\n'
reply: '250 ENHANCEDSTATUSCODES\r\n'
reply: retcode (250); Msg: mx.google.com at your service, [176.67.160.54]
SIZE 35882577
8BITMIME
STARTTLS
ENHANCEDSTATUSCODES
send: 'STARTTLS\r\n'
reply: '220 2.0.0 Ready to start TLS\r\n'
reply: retcode (220); Msg: 2.0.0 Ready to start TLS
send: 'ehlo asdfasdf.asdfsdf\r\n'
reply: '250-mx.google.com at your service, [176.67.160.54]\r\n'
reply: '250-SIZE 35882577\r\n'
reply: '250-8BITMIME\r\n'
reply: '250-AUTH LOGIN PLAIN XOAUTH\r\n'
reply: '250 ENHANCEDSTATUSCODES\r\n'
reply: retcode (250); Msg: mx.google.com at your service, [176.67.160.54]
SIZE 35882577
8BITMIME
AUTH LOGIN PLAIN XOAUTH
ENHANCEDSTATUSCODES
send: 'AUTH PLAIN AGNhbGlicmUua2luZGxlLnNlcnZlckBnbWFpbC5jb20AcGFzcGFzcGFz\r\n'
reply: '235 2.7.0 Accepted\r\n'
reply: retcode (235); Msg: 2.7.0 Accepted
send: u'mail FROM:<calibre.kindle.server@gmail.com> size=639\r\n'
reply: '250 2.1.0 OK ej17sm24898872wbb.14\r\n'
reply: retcode (250); Msg: 2.1.0 OK ej17sm24898872wbb.14
send: u'rcpt TO:<chrish@cantab.net>\r\n'
reply: '250 2.1.5 OK ej17sm24898872wbb.14\r\n'
reply: retcode (250); Msg: 2.1.5 OK ej17sm24898872wbb.14
send: 'data\r\n'
reply: '354  Go ahead ej17sm24898872wbb.14\r\n'
reply: retcode (354); Msg: Go ahead ej17sm24898872wbb.14
data: (354, 'Go ahead ej17sm24898872wbb.14')
send: 'Content-Type: multipart/mixed; boundary="===============1396242091=="\r\nMIME-Version: 1.0\r\nSubject: convert\r\nTo: chrish@cantab.net\r\nFrom: calibre.kindle.server@gmail.com\r\n\r\nYou will not see this in a MIME-aware mail reader.\r\n\r\n--===============1396242091==\r\nContent-Type: text/plain; charset="utf-8"\r\nMIME-Version: 1.0\r\nContent-Transfer-Encoding: base64\r\n\r\nQXV0b21hdGVkIG1lc3NhZ2Ugc2VudCBmcm9tIENhbGlicmUgS2luZGxlIFNlcnZlcg==\r\n\r\n--===============1396242091==\r\nContent-Type: text/plain\r\nMIME-Version: 1.0\r\nContent-Transfer-Encoding: base64\r\nContent-Disposition: attachment; filename="test.txt"\r\n\r\nVGVzdCBtZXNzYWdlIGF0dGFjaG1lbnQK\r\n\r\n--===============1396242091==--\r\n.\r\n'
reply: '250 2.0.0 OK 1323736682 ej17sm24898872wbb.14\r\n'
reply: retcode (250); Msg: 2.0.0 OK 1323736682 ej17sm24898872wbb.14
data: (250, '2.0.0 OK 1323736682 ej17sm24898872wbb.14')
send: 'quit\r\n'
reply: '221 2.0.0 closing connection ej17sm24898872wbb.14\r\n'
reply: retcode (221); Msg: 2.0.0 closing connection ej17sm24898872wbb.14
