Resolved conversion options
calibre version: 0.7.44
{'asciiize': False,
 'author_sort': None,
 'authors': None,
 'base_font_size': 0,
 'book_producer': None,
 'change_justification': 'original',
 'chapter': None,
 'chapter_mark': 'pagebreak',
 'comments': None,
 'cover': None,
 'debug_pipeline': None,
 'dehyphenate': True,
 'delete_blank_paragraphs': True,
 'disable_font_rescaling': False,
 'dont_compress': False,
 'dont_download_recipe': False,
 'enable_heuristics': False,
 'extra_css': None,
 'fix_indents': True,
 'font_size_mapping': None,
 'format_scene_breaks': True,
 'html_unwrap_factor': 0.4,
 'input_encoding': None,
 'input_profile': <calibre.customize.profiles.InputProfile object at 0xa81b1cc>,
 'insert_blank_line': False,
 'insert_metadata': False,
 'isbn': None,
 'italicize_common_cases': True,
 'keep_ligatures': False,
 'language': None,
 'level1_toc': None,
 'level2_toc': None,
 'level3_toc': None,
 'line_height': 0,
 'linearize_tables': False,
 'lrf': False,
 'margin_bottom': 5.0,
 'margin_left': 5.0,
 'margin_right': 5.0,
 'margin_top': 5.0,
 'markup_chapter_headings': True,
 'max_toc_links': 50,
 'minimum_line_height': 120.0,
 'mobi_ignore_margins': False,
 'no_chapters_in_toc': False,
 'no_inline_navbars': True,
 'no_inline_toc': False,
 'output_profile': <calibre.customize.profiles.KindleOutput object at 0xa81bb2c>,
 'page_breaks_before': None,
 'password': None,
 'personal_doc': '[PDOC]',
 'prefer_author_sort': False,
 'prefer_metadata_cover': False,
 'pretty_print': False,
 'pubdate': None,
 'publisher': None,
 'rating': None,
 'read_metadata_from_opf': None,
 'remove_first_image': False,
 'remove_paragraph_spacing': False,
 'remove_paragraph_spacing_indent_size': 1.5,
 'renumber_headings': True,
 'replace_scene_breaks': '',
 'rescale_images': False,
 'series': None,
 'series_index': None,
 'smarten_punctuation': False,
 'sr1_replace': '',
 'sr1_search': '',
 'sr2_replace': '',
 'sr2_search': '',
 'sr3_replace': '',
 'sr3_search': '',
 'tags': None,
 'test': False,
 'timestamp': None,
 'title': None,
 'title_sort': None,
 'toc_filter': None,
 'toc_threshold': 6,
 'toc_title': None,
 'unwrap_lines': True,
 'use_auto_toc': False,
 'username': None,
 'verbose': 2}
1% Converting input to HTML...
InputFormatPlugin: Recipe Input running
